<?xml version="1.0" encoding="UTF-8"?>
<!-- Generated by org.testng.reporters.JUnitReportReporter -->
<testsuite hostname="DESKTOP-6O68O6T" failures="0" tests="1" name="Com.TestCase.HomeTest" time="3.897" errors="0" timestamp="15 Jun 2021 05:27:13 GMT" skipped="0">
  <testcase classname="Com.TestCase.HomeTest" name="homepagetest" time="3.897"/>
</testsuite> <!-- Com.TestCase.HomeTest -->
